<?xml version="1.0" encoding="UTF-8" ?>
<testsuite tests="29" failures="0" name="runner.bean.cucumberframework.TestRunner" time="1.162" errors="0" skipped="0">
  <properties>
    <property name="java.runtime.name" value="Java(TM) SE Runtime Environment"/>
    <property name="sun.boot.library.path" value="/usr/lib/jvm/java-8-oracle/jre/lib/amd64"/>
    <property name="java.vm.version" value="25.181-b13"/>
    <property name="java.vm.vendor" value="Oracle Corporation"/>
    <property name="maven.multiModuleProjectDirectory" value="/home/stephaniesee/MyProjects/eclipse-workspace/CucumberFramework"/>
    <property name="java.vendor.url" value="http://java.oracle.com/"/>
    <property name="path.separator" value=":"/>
    <property name="guice.disable.misplaced.annotation.check" value="true"/>
    <property name="java.vm.name" value="Java HotSpot(TM) 64-Bit Server VM"/>
    <property name="file.encoding.pkg" value="sun.io"/>
    <property name="user.country" value="US"/>
    <property name="sun.java.launcher" value="SUN_STANDARD"/>
    <property name="sun.os.patch.level" value="unknown"/>
    <property name="java.vm.specification.name" value="Java Virtual Machine Specification"/>
    <property name="user.dir" value="/home/stephaniesee/MyProjects/eclipse-workspace/CucumberFramework"/>
    <property name="java.runtime.version" value="1.8.0_181-b13"/>
    <property name="java.awt.graphicsenv" value="sun.awt.X11GraphicsEnvironment"/>
    <property name="java.endorsed.dirs" value="/usr/lib/jvm/java-8-oracle/jre/lib/endorsed"/>
    <property name="os.arch" value="amd64"/>
    <property name="java.io.tmpdir" value="/tmp"/>
    <property name="line.separator" value="
"/>
    <property name="java.vm.specification.vendor" value="Oracle Corporation"/>
    <property name="os.name" value="Linux"/>
    <property name="classworlds.conf" value="/usr/share/maven/bin/m2.conf"/>
    <property name="sun.jnu.encoding" value="UTF-8"/>
    <property name="java.library.path" value="/usr/java/packages/lib/amd64:/usr/lib64:/lib64:/lib:/usr/lib"/>
    <property name="maven.conf" value="/usr/share/maven/conf"/>
    <property name="java.specification.name" value="Java Platform API Specification"/>
    <property name="java.class.version" value="52.0"/>
    <property name="sun.management.compiler" value="HotSpot 64-Bit Tiered Compilers"/>
    <property name="os.version" value="4.15.0-39-generic"/>
    <property name="library.jansi.path" value="/usr/share/maven/lib/jansi-native"/>
    <property name="user.home" value="/home/stephaniesee"/>
    <property name="user.timezone" value="America/Vancouver"/>
    <property name="java.awt.printerjob" value="sun.print.PSPrinterJob"/>
    <property name="java.specification.version" value="1.8"/>
    <property name="file.encoding" value="UTF-8"/>
    <property name="user.name" value="stephaniesee"/>
    <property name="java.class.path" value="/usr/share/maven/boot/plexus-classworlds-2.x.jar"/>
    <property name="java.vm.specification.version" value="1.8"/>
    <property name="sun.arch.data.model" value="64"/>
    <property name="java.home" value="/usr/lib/jvm/java-8-oracle/jre"/>
    <property name="sun.java.command" value="org.codehaus.plexus.classworlds.launcher.Launcher test"/>
    <property name="java.specification.vendor" value="Oracle Corporation"/>
    <property name="user.language" value="en"/>
    <property name="awt.toolkit" value="sun.awt.X11.XToolkit"/>
    <property name="java.vm.info" value="mixed mode"/>
    <property name="java.version" value="1.8.0_181"/>
    <property name="java.ext.dirs" value="/usr/lib/jvm/java-8-oracle/jre/lib/ext:/usr/java/packages/lib/ext"/>
    <property name="securerandom.source" value="file:/dev/./urandom"/>
    <property name="sun.boot.class.path" value="/usr/lib/jvm/java-8-oracle/jre/lib/resources.jar:/usr/lib/jvm/java-8-oracle/jre/lib/rt.jar:/usr/lib/jvm/java-8-oracle/jre/lib/sunrsasign.jar:/usr/lib/jvm/java-8-oracle/jre/lib/jsse.jar:/usr/lib/jvm/java-8-oracle/jre/lib/jce.jar:/usr/lib/jvm/java-8-oracle/jre/lib/charsets.jar:/usr/lib/jvm/java-8-oracle/jre/lib/jfr.jar:/usr/lib/jvm/java-8-oracle/jre/classes"/>
    <property name="java.vendor" value="Oracle Corporation"/>
    <property name="maven.home" value="/usr/share/maven"/>
    <property name="file.separator" value="/"/>
    <property name="java.vendor.url.bug" value="http://bugreport.sun.com/bugreport/"/>
    <property name="sun.cpu.endian" value="little"/>
    <property name="sun.io.unicode.encoding" value="UnicodeLittle"/>
    <property name="sun.desktop" value="gnome"/>
    <property name="sun.cpu.isalist" value=""/>
  </properties>
  <testcase classname="| invoicecreator@smoke.bean | pwd | invoice |" name="Given user is on signinPage" time="0.002"/>
  <testcase classname="| invoicecreator@smoke.bean | pwd | invoice |" name="When user enters &quot;invoicecreator@smoke.bean&quot; and &quot;pwd&quot;" time="0"/>
  <testcase classname="| invoicecreator@smoke.bean | pwd | invoice |" name="Then user logins to &quot;invoice&quot; successfully" time="0"/>
  <testcase classname="| invoicecreator@smoke.bean | pwd | invoice |" name="And user can logout successfully" time="0"/>
  <testcase classname="| invoicecreator@smoke.bean | pwd | invoice |" name="| invoicecreator@smoke.bean | pwd | invoice |" time="0.129"/>
  <testcase classname="| pocreator@smoke.bean | pwd | purchaseorder |" name="Given user is on signinPage" time="0"/>
  <testcase classname="| pocreator@smoke.bean | pwd | purchaseorder |" name="When user enters &quot;pocreator@smoke.bean&quot; and &quot;pwd&quot;" time="0"/>
  <testcase classname="| pocreator@smoke.bean | pwd | purchaseorder |" name="Then user logins to &quot;purchaseorder&quot; successfully" time="0"/>
  <testcase classname="| pocreator@smoke.bean | pwd | purchaseorder |" name="And user can logout successfully" time="0"/>
  <testcase classname="| pocreator@smoke.bean | pwd | purchaseorder |" name="| pocreator@smoke.bean | pwd | purchaseorder |" time="0.129"/>
  <testcase classname="| paymentcreator@smoke.bean | pwd | payment |" name="Given user is on signinPage" time="0"/>
  <testcase classname="| paymentcreator@smoke.bean | pwd | payment |" name="When user enters &quot;paymentcreator@smoke.bean&quot; and &quot;pwd&quot;" time="0"/>
  <testcase classname="| paymentcreator@smoke.bean | pwd | payment |" name="Then user logins to &quot;payment&quot; successfully" time="0"/>
  <testcase classname="| paymentcreator@smoke.bean | pwd | payment |" name="And user can logout successfully" time="0"/>
  <testcase classname="| paymentcreator@smoke.bean | pwd | payment |" name="| paymentcreator@smoke.bean | pwd | payment |" time="0.138"/>
  <testcase classname="Scenario: Purchase Order Creator should be able to create PO" name="Given user is on homepage" time="0"/>
  <testcase classname="Scenario: Purchase Order Creator should be able to create PO" name="Given user enters his credentials" time="0"/>
  <testcase classname="Scenario: Purchase Order Creator should be able to create PO" name="And user has successfully login" time="0"/>
  <testcase classname="Scenario: Purchase Order Creator should be able to create PO" name="And user is on Purchase Order creation page" time="0"/>
  <testcase classname="Scenario: Purchase Order Creator should be able to create PO" name="When user selects legalentity &quot;US_NO_MULTI_CURRENCY&quot;" time="0"/>
  <testcase classname="Scenario: Purchase Order Creator should be able to create PO" name="And user selects vendor &quot;Books by Bessie&quot;" time="0"/>
  <testcase classname="Scenario: Purchase Order Creator should be able to create PO" name="And user enters &quot;Cucumber Test&quot; under header description" time="0"/>
  <testcase classname="Scenario: Purchase Order Creator should be able to create PO" name="And user sets Billable to &quot;Yes&quot;" time="0"/>
  <testcase classname="Scenario: Purchase Order Creator should be able to create PO" name="And user sets Customer to &quot;Bill&apos;s Windsurf Shop&quot;" time="0"/>
  <testcase classname="Scenario: Purchase Order Creator should be able to create PO" name="And user sets Total to &quot;34.5&quot;" time="0.001"/>
  <testcase classname="Scenario: Purchase Order Creator should be able to create PO" name="And user selects save" time="0"/>
  <testcase classname="Scenario: Purchase Order Creator should be able to create PO" name="Then purchase order should be created" time="0"/>
  <testcase classname="Scenario: Purchase Order Creator should be able to create PO" name="And image buttons should appear" time="0"/>
  <testcase classname="Scenario: Purchase Order Creator should be able to create PO" name="Scenario: Purchase Order Creator should be able to create PO" time="0.763"/>
</testsuite>